0 info it worked if it ends with ok
1 verbose cli [ 'C:\\Program Files\\nodejs\\node.exe',
1 verbose cli   'C:\\Program Files\\nodejs\\node_modules\\npm\\bin\\npm-cli.js',
1 verbose cli   'run',
1 verbose cli   'deploy' ]
2 info using npm@2.14.12
3 info using node@v4.2.4
4 verbose run-script [ 'predeploy', 'deploy', 'postdeploy' ]
5 info predeploy pingr@0.0.1
6 verbose unsafe-perm in lifecycle true
7 info pingr@0.0.1 Failed to exec predeploy script
8 verbose stack Error: pingr@0.0.1 predeploy: `npm run remove-live-reload && npm run commit`
8 verbose stack Exit status 1
8 verbose stack     at EventEmitter.<anonymous> (C:\Program Files\nodejs\node_modules\npm\lib\utils\lifecycle.js:214:16)
8 verbose stack     at emitTwo (events.js:87:13)
8 verbose stack     at EventEmitter.emit (events.js:172:7)
8 verbose stack     at ChildProcess.<anonymous> (C:\Program Files\nodejs\node_modules\npm\lib\utils\spawn.js:24:14)
8 verbose stack     at emitTwo (events.js:87:13)
8 verbose stack     at ChildProcess.emit (events.js:172:7)
8 verbose stack     at maybeClose (internal/child_process.js:818:16)
8 verbose stack     at Process.ChildProcess._handle.onexit (internal/child_process.js:211:5)
9 verbose pkgid pingr@0.0.1
10 verbose cwd C:\Users\MDEHSRW9\Documents\Git\Development\pingr\dist
11 error Windows_NT 10.0.10586
12 error argv "C:\\Program Files\\nodejs\\node.exe" "C:\\Program Files\\nodejs\\node_modules\\npm\\bin\\npm-cli.js" "run" "deploy"
13 error node v4.2.4
14 error npm  v2.14.12
15 error code ELIFECYCLE
16 error pingr@0.0.1 predeploy: `npm run remove-live-reload && npm run commit`
16 error Exit status 1
17 error Failed at the pingr@0.0.1 predeploy script 'npm run remove-live-reload && npm run commit'.
17 error This is most likely a problem with the pingr package,
17 error not with npm itself.
17 error Tell the author that this fails on your system:
17 error     npm run remove-live-reload && npm run commit
17 error You can get their info via:
17 error     npm owner ls pingr
17 error There is likely additional logging output above.
18 verbose exit [ 1, true ]
